Tuesday April 09, 2024 617.0 points
Anne died of sudden-onset starvation
Grace died of sudden-onset starvation
Sayyida died of sudden-onset starvation
belaying-pin (1 shillings)
belaying-pin (1 shillings)
belaying-pin (1 shillings)
belaying-pin (1 shillings)
cutlass (5 shillings)
cutlass (5 shillings)
cutlass (5 shillings)
cutlass (5 shillings)
cutlass (5 shillings)
cutlass (5 shillings)
flintlock (400 shillings)
flintlock (400 shillings)
flintlock (400 shillings)
----------------------

Tuesday April 09, 2024 819.5 points
Edward died of sudden-onset starvation
Turgut died of sudden-onset starvation
Mary died of sudden-onset starvation
Richard died of sudden-onset starvation
belaying-pin (1 shillings)
belaying-pin (1 shillings)
belaying-pin (1 shillings)
belaying-pin (1 shillings)
cutlass (5 shillings)
cutlass (5 shillings)
cutlass (5 shillings)
cutlass (5 shillings)
cutlass (5 shillings)
cutlass (5 shillings)
cutlass (5 shillings)
flintlock (400 shillings)
flintlock (400 shillings)
flintlock (400 shillings)
flintlock (400 shillings)
----------------------

Thursday April 18, 2024 616.5 points
Mary slain by a Man-eating Macaque 4's bite
Jack slain by a Man-eating Macaque 4's bite
Emanuel slain by a Man-eating Macaque 3's bite
belaying-pin (1 shillings)
belaying-pin (1 shillings)
belaying-pin (1 shillings)
cutlass (5 shillings)
cutlass (5 shillings)
cutlass (5 shillings)
cutlass (5 shillings)
cutlass (5 shillings)
cutlass (5 shillings)
flintlock (400 shillings)
flintlock (400 shillings)
flintlock (400 shillings)
----------------------

