Tuesday May 07, 2024 1224.5 points
Benjamin 
The crew fell to their death
Grace 
The crew fell to their death
Emanuel 
The crew fell to their death
Bartholomew 
The crew fell to their death
Richard 
The crew fell to their death
belaying-pin (1 shillings)
belaying-pin (1 shillings)
belaying-pin (1 shillings)
belaying-pin (1 shillings)
cutlass (5 shillings)
cutlass (5 shillings)
cutlass (5 shillings)
cutlass (5 shillings)
cutlass (5 shillings)
cutlass (5 shillings)
cutlass (5 shillings)
cutlass (5 shillings)
cutlass (5 shillings)
flintlock (400 shillings)
flintlock (400 shillings)
flintlock (400 shillings)
flintlock (400 shillings)
flintlock (400 shillings)
flintlock (400 shillings)
----------------------

Tuesday May 07, 2024 617.0 points
Peter 
The crew fell to their death
Eliza 
The crew fell to their death
Anne 
The crew fell to their death
belaying-pin (1 shillings)
belaying-pin (1 shillings)
belaying-pin (1 shillings)
belaying-pin (1 shillings)
cutlass (5 shillings)
cutlass (5 shillings)
cutlass (5 shillings)
cutlass (5 shillings)
cutlass (5 shillings)
cutlass (5 shillings)
flintlock (400 shillings)
flintlock (400 shillings)
flintlock (400 shillings)
----------------------

